<?xml version="1.0" encoding="UTF-8"?>
<!-- Generated by org.testng.reporters.JUnitReportReporter -->
<testsuite hostname="LAPTOP-4NTAE5FV" failures="0" tests="1" name="com.hrms.scripts.Tc001_login" time="20.038" errors="0" timestamp="26 Feb 2023 07:18:27 GMT">
  <testcase classname="com.hrms.scripts.Tc001_login" name="tc001" time="20.038"/>
</testsuite> <!-- com.hrms.scripts.Tc001_login -->
